\BOOKMARK [0][-]{chapter*.1}{Remerciements}{}% 1
\BOOKMARK [0][-]{section*.2}{Table des mati\350res}{}% 2
\BOOKMARK [0][-]{chapter.1}{Introduction}{}% 3
\BOOKMARK [0][-]{chapter.2}{Connaissances biologiques}{}% 4
\BOOKMARK [1][-]{section.2.1}{Le manguier}{chapter.2}% 5
\BOOKMARK [1][-]{section.2.2}{La c\351cidomyie des fleurs}{chapter.2}% 6
\BOOKMARK [0][-]{chapter.3}{Exp\351rimentation r\351alis\351e et donn\351es disponibles}{}% 7
\BOOKMARK [1][-]{section.3.1}{Dispositif}{chapter.3}% 8
\BOOKMARK [1][-]{section.3.2}{Donn\351es}{chapter.3}% 9
\BOOKMARK [0][-]{chapter.4}{Le mod\350le}{}% 10
\BOOKMARK [1][-]{section.4.1}{Hypoth\350ses}{chapter.4}% 11
\BOOKMARK [1][-]{section.4.2}{Formalisme}{chapter.4}% 12
\BOOKMARK [1][-]{section.4.3}{Inflorescences}{chapter.4}% 13
\BOOKMARK [0][-]{chapter.5}{Calibration du mod\350le}{}% 14
\BOOKMARK [1][-]{section.5.1}{Fonction de co\373t}{chapter.5}% 15
\BOOKMARK [1][-]{section.5.2}{Analyse de sensibilit\351}{chapter.5}% 16
\BOOKMARK [1][-]{section.5.3}{Algorithme d'optimisation}{chapter.5}% 17
\BOOKMARK [1][-]{section.5.4}{Exploration de l'ensemble des solutions}{chapter.5}% 18
\BOOKMARK [0][-]{chapter.6}{Mise en \234uvre et r\351sultats}{}% 19
\BOOKMARK [0][-]{chapter.7}{Conclusion}{}% 20
\BOOKMARK [0][-]{chapter*.3}{Bibliographie}{}% 21
\BOOKMARK [0][-]{appendix.A}{Verger n\2602}{}% 22
